Arguments: 
  C:\Program Files\nodejs\node.exe C:\Users\Mekki\AppData\Roaming\npm\node_modules\yarn\bin\yarn.js add webpack-encore@12.0.0

PATH: 
  D:\Professional\Web site projects\Ideas\symfony-reactjs-to-do-list-crud\ToDoApp\node_modules\.bin;C:\Program Files (x86)\Common Files\Oracle\Java\javapath;C:\WINDOWS\system32;C:\WINDOWS;C:\WINDOWS\System32\Wbem;C:\WINDOWS\System32\WindowsPowerShell\v1.0\;C:\WINDOWS\System32\OpenSSH\;C:\php;C:\composer;C:\Program Files\Microsoft SQL Server\110\Tools\Binn\;C:\Program Files\nodejs\;C:\Program Files\Symfony;C:\Program Files\Git\cmd;C:\Program Files\TortoiseSVN\bin;C:\Users\Mekki\AppData\Local\Microsoft\WindowsApps;C:\Program Files\JetBrains\PhpStorm 2020.1\bin;;C:\Users\Mekki\AppData\Roaming\Composer\vendor\bin;C:\php;C:\Program Files\MySql\bin;C:\Users\Mekki\AppData\Roaming\npm;C:\Program Files\MySQL\MySQL Server 5.7\bin;C:\Program Files\OpenSSL-Win64\bin;

Yarn version: 
  1.22.4

Node version: 
  10.15.3

Platform: 
  win32 x64

Trace: 
  Error: https://registry.yarnpkg.com/webpack-encore: Not found
      at Request.params.callback [as _callback] (C:\Users\Mekki\AppData\Roaming\npm\node_modules\yarn\lib\cli.js:66987:18)
      at Request.self.callback (C:\Users\Mekki\AppData\Roaming\npm\node_modules\yarn\lib\cli.js:140748:22)
      at Request.emit (events.js:189:13)
      at Request.<anonymous> (C:\Users\Mekki\AppData\Roaming\npm\node_modules\yarn\lib\cli.js:141720:10)
      at Request.emit (events.js:189:13)
      at IncomingMessage.<anonymous> (C:\Users\Mekki\AppData\Roaming\npm\node_modules\yarn\lib\cli.js:141642:12)
      at Object.onceWrapper (events.js:277:13)
      at IncomingMessage.emit (events.js:194:15)
      at endReadableNT (_stream_readable.js:1125:12)
      at process._tickCallback (internal/process/next_tick.js:63:19)

npm manifest: 
  {
      "devDependencies": {
          "@symfony/stimulus-bridge": "^2.0.0",
          "@symfony/webpack-encore": "^1.0.0",
          "core-js": "^3.0.0",
          "regenerator-runtime": "^0.13.2",
          "stimulus": "^2.0.0",
          "webpack-notifier": "^1.6.0"
      },
      "license": "UNLICENSED",
      "private": true,
      "scripts": {
          "dev-server": "encore dev-server",
          "dev": "encore dev",
          "watch": "encore dev --watch",
          "build": "encore production --progress"
      }
  }

yarn manifest: 
  No manifest

Lockfile: 
  No lockfile
